<?xml version="1.0" encoding="UTF-8"?>
<!-- Generated by org.testng.reporters.JUnitXMLReporter -->
<testsuite ignored="0" hostname="VAIO" failures="3" tests="3" name="Test" time="62.001" errors="0" timestamp="2022-01-03T11:23:21 GMT-08:00">
  <testcase classname="InsuranceCalculation_Motorcycle.EndToEndTests_Motorcycle" name="testCase_0001" time="7.635">
    <failure type="java.lang.AssertionError" message="expected [69] but found [236.00]">
      <![CDATA[java.lang.AssertionError: expected [69] but found [236.00]
at InsuranceCalculation_Motorcycle.EndToEndTests_Motorcycle.testCase_0001(EndToEndTests_Motorcycle.java:33)
at java.base/java.util.ArrayList.forEach(ArrayList.java:1511)
... Removed 33 stack frames]]>
    </failure>
  </testcase> <!-- testCase_0001 -->
  <testcase classname="InsuranceCalculation_Motorcycle.EndToEndTests_Motorcycle" name="testCase_0001" time="7.329">
    <failure type="java.lang.AssertionError" message="expected [69] but found [720.00]">
      <![CDATA[java.lang.AssertionError: expected [69] but found [720.00]
at InsuranceCalculation_Motorcycle.EndToEndTests_Motorcycle.testCase_0001(EndToEndTests_Motorcycle.java:33)
at java.base/java.util.ArrayList.forEach(ArrayList.java:1511)
... Removed 33 stack frames]]>
    </failure>
  </testcase> <!-- testCase_0001 -->
  <testcase classname="InsuranceCalculation_Motorcycle.EndToEndTests_Motorcycle" name="testCase_0001" time="4.515">
    <failure type="java.lang.NullPointerException" message="Cannot invoke &amp;quot;java.util.HashMap.get(Object)&amp;quot; because &amp;quot;hm&amp;quot; is null">
      <![CDATA[java.lang.NullPointerException: Cannot invoke "java.util.HashMap.get(Object)" because "hm" is null
at pageObjects.EnterVehicleDataPageObjects.enterVehicleData(EnterVehicleDataPageObjects.java:75)
at InsuranceCalculation_Motorcycle.EndToEndTests_Motorcycle.testCase_0001(EndToEndTests_Motorcycle.java:27)
at java.base/java.util.ArrayList.forEach(ArrayList.java:1511)
... Removed 27 stack frames]]>
    </failure>
  </testcase> <!-- testCase_0001 -->
</testsuite> <!-- Test -->
